Determining if the pthread_create exist failed with the following output:
Change Dir: /home/LOCAL.ISIMA.FR/clbourges1/MODL/tp_2/build/CMakeFiles/CMakeTmp

Run Build Command:"/usr/bin/gmake" "cmTC_c047d/fast"
/usr/bin/gmake -f CMakeFiles/cmTC_c047d.dir/build.make CMakeFiles/cmTC_c047d.dir/build
gmake[1] : on entre dans le répertoire « /home/LOCAL.ISIMA.FR/clbourges1/MODL/tp_2/build/CMakeFiles/CMakeTmp »
Building C object CMakeFiles/cmTC_c047d.dir/CheckSymbolExists.c.o
/usr/lib64/ccache/cc    -o CMakeFiles/cmTC_c047d.dir/CheckSymbolExists.c.o   -c /home/LOCAL.ISIMA.FR/clbourges1/MODL/tp_2/build/CMakeFiles/CMakeTmp/CheckSymbolExists.c
Linking C executable cmTC_c047d
/usr/bin/cmake -E cmake_link_script CMakeFiles/cmTC_c047d.dir/link.txt --verbose=1
/usr/lib64/ccache/cc      -rdynamic CMakeFiles/cmTC_c047d.dir/CheckSymbolExists.c.o  -o cmTC_c047d 
CMakeFiles/cmTC_c047d.dir/CheckSymbolExists.c.o : Dans la fonction « main » :
CheckSymbolExists.c:(.text+0x16) : référence indéfinie vers « pthread_create »
collect2: erreur : ld a retourné 1 code d'état d'exécution
CMakeFiles/cmTC_c047d.dir/build.make:97 : la recette pour la cible « cmTC_c047d » a échouée
gmake[1]: *** [cmTC_c047d] Erreur 1
gmake[1] : on quitte le répertoire « /home/LOCAL.ISIMA.FR/clbourges1/MODL/tp_2/build/CMakeFiles/CMakeTmp »
Makefile:126 : la recette pour la cible « cmTC_c047d/fast » a échouée
gmake: *** [cmTC_c047d/fast] Erreur 2

File /home/LOCAL.ISIMA.FR/clbourges1/MODL/tp_2/build/CMakeFiles/CMakeTmp/CheckSymbolExists.c:
/* */
#include <pthread.h>

int main(int argc, char** argv)
{
  (void)argv;
#ifndef pthread_create
  return ((int*)(&pthread_create))[argc];
#else
  (void)argc;
  return 0;
#endif
}

Determining if the function pthread_create exists in the pthreads failed with the following output:
Change Dir: /home/LOCAL.ISIMA.FR/clbourges1/MODL/tp_2/build/CMakeFiles/CMakeTmp

Run Build Command:"/usr/bin/gmake" "cmTC_ce256/fast"
/usr/bin/gmake -f CMakeFiles/cmTC_ce256.dir/build.make CMakeFiles/cmTC_ce256.dir/build
gmake[1] : on entre dans le répertoire « /home/LOCAL.ISIMA.FR/clbourges1/MODL/tp_2/build/CMakeFiles/CMakeTmp »
Building C object CMakeFiles/cmTC_ce256.dir/CheckFunctionExists.c.o
/usr/lib64/ccache/cc   -DCHECK_FUNCTION_EXISTS=pthread_create   -o CMakeFiles/cmTC_ce256.dir/CheckFunctionExists.c.o   -c /usr/share/cmake/Modules/CheckFunctionExists.c
Linking C executable cmTC_ce256
/usr/bin/cmake -E cmake_link_script CMakeFiles/cmTC_ce256.dir/link.txt --verbose=1
/usr/lib64/ccache/cc  -DCHECK_FUNCTION_EXISTS=pthread_create    -rdynamic CMakeFiles/cmTC_ce256.dir/CheckFunctionExists.c.o  -o cmTC_ce256 -lpthreads 
/usr/bin/ld : ne peut trouver -lpthreads
collect2: erreur : ld a retourné 1 code d'état d'exécution
CMakeFiles/cmTC_ce256.dir/build.make:97 : la recette pour la cible « cmTC_ce256 » a échouée
gmake[1]: *** [cmTC_ce256] Erreur 1
gmake[1] : on quitte le répertoire « /home/LOCAL.ISIMA.FR/clbourges1/MODL/tp_2/build/CMakeFiles/CMakeTmp »
Makefile:126 : la recette pour la cible « cmTC_ce256/fast » a échouée
gmake: *** [cmTC_ce256/fast] Erreur 2


